-> info : ENTERING CStoreFilter::getPacket
-> info : ENTERING CStoreFilter::getPacket
-> info : ENTERING CStoreFilter::getPacket
-> info : ENTERING CStoreFilter::getPacket
-> info : ENTERING CStoreFilter::getPacket
-> info : ENTERING CStoreFilter::getPacket
-> info : ENTERING CStoreFilter::getPacket
-> info : ENTERING CStoreFilter::getPacket
-> info : ENTERING CStoreFilter::getPacket
-> info : ENTERING CStoreFilter::getPacket
-> info : ENTERING CStoreFilter::getPacket
-> info : ENTERING CStoreFilter::getPacket
-> info : ENTERING CStoreFilter::getPacket
-> info : ENTERING CStoreFilter::getPacket
-> info : ENTERING CStoreFilter::getPacket
-> info : ENTERING CStoreFilter::getPacket
-> info : ENTERING CStoreFilter::getPacket
-> info : ENTERING CStoreFilter::getPacket
-> info : ENTERING CStoreFilter::getPacket
-> info : ENTERING CStoreFilter::getPacket
-> info : ENTERING CStoreFilter::getPacket
-> info : ENTERING CStoreFilter::getPacket
-> info : ENTERING CStoreFilter::getPacket
-> info : ENTERING CStoreFilter::getPacket
-> info : ENTERING CStoreFilter::getPacket
-> info : ENTERING CStoreFilter::getPacket
-> info : ENTERING CStoreFilter::getPacket
-> info : ENTERING CStoreFilter::getPacket
-> info : ENTERING CStoreFilter::getPacket
-> info : ENTERING CStoreFilter::getPacket
-> info : ENTERING CStoreFilter::getPacket
-> info : ENTERING CStoreFilter::getPacket
-> report :  Performance report : Whole time from XIOS init and finalize: 0.312784 s
-> report :  Performance report : total time spent for XIOS : 0.335851 s
-> report :  Performance report : time spent for waiting free buffer : 0.000376379 s
-> report :  Performance report : Ratio : 0.120332 %
-> report :  Performance report : This ratio must be close to zero. Otherwise it may be usefull to increase buffer size or numbers of server
-> report :  Memory report : Minimum buffer size required : 0 bytes
-> report :  Memory report : increasing it by a factor will increase performance, depending of the volume of data wrote in file at each time step of the file
-> report : lock exclusive : accumulated time : 0.000493178 --- call number : 148 --- average time : 3.33228e-06
-> report : lock shared : accumulated time : 1.07195e-05 --- call number : 2 --- average time : 5.35976e-06
-> report : unlock exclusive : accumulated time : 0.00019367 --- call number : 148 --- average time : 1.30858e-06
-> report : unlock shared : accumulated time : 2.92901e-06 --- call number : 2 --- average time : 1.4645e-06
