-> info : ENTERING CStoreFilter::getPacket
-> info : ENTERING CStoreFilter::getPacket
-> info : ENTERING CStoreFilter::getPacket
-> info : ENTERING CStoreFilter::getPacket
-> info : ENTERING CStoreFilter::getPacket
-> info : ENTERING CStoreFilter::getPacket
-> report :  Memory report : Context <atm> : client side : memory used for buffer of each connection to server
  +) To server with rank 0 : 8192 bytes 
-> report :  Memory report : Context <atm> : client side : total memory used for buffer 8192 bytes
-> report :  Performance report : Whole time from XIOS init and finalize: 0.586365 s
-> report :  Performance report : total time spent for XIOS : 0.612949 s
-> report :  Performance report : time spent for waiting free buffer : 0.00559598 s
-> report :  Performance report : Ratio : 0.954351 %
-> report :  Performance report : This ratio must be close to zero. Otherwise it may be usefull to increase buffer size or numbers of server
-> report :  Memory report : Minimum buffer size required : 0 bytes
-> report :  Memory report : increasing it by a factor will increase performance, depending of the volume of data wrote in file at each time step of the file
-> report : lock exclusive : accumulated time : 0.00245861 --- call number : 1091 --- average time : 2.25354e-06
-> report : lock shared : accumulated time : 0.000247016 --- call number : 66 --- average time : 3.74266e-06
-> report : unlock exclusive : accumulated time : 0.00131517 --- call number : 1091 --- average time : 1.20547e-06
-> report : unlock shared : accumulated time : 9.06633e-05 --- call number : 66 --- average time : 1.37369e-06
