-> info : ENTERING CStoreFilter::getPacket
-> info : ENTERING CStoreFilter::getPacket
-> info : ENTERING CStoreFilter::getPacket
-> info : ENTERING CStoreFilter::getPacket
-> info : ENTERING CStoreFilter::getPacket
-> info : ENTERING CStoreFilter::getPacket
-> info : ENTERING CStoreFilter::getPacket
-> info : ENTERING CStoreFilter::getPacket
-> info : ENTERING CStoreFilter::getPacket
-> info : ENTERING CStoreFilter::getPacket
-> info : ENTERING CStoreFilter::getPacket
-> info : ENTERING CStoreFilter::getPacket
-> info : ENTERING CStoreFilter::getPacket
-> info : ENTERING CStoreFilter::getPacket
-> info : ENTERING CStoreFilter::getPacket
-> info : ENTERING CStoreFilter::getPacket
-> report :  Performance report : Whole time from XIOS init and finalize: 0.637669 s
-> report :  Performance report : total time spent for XIOS : 0.682374 s
-> report :  Performance report : time spent for waiting free buffer : 0.000347042 s
-> report :  Performance report : Ratio : 0.0544235 %
-> report :  Performance report : This ratio must be close to zero. Otherwise it may be usefull to increase buffer size or numbers of server
-> report :  Memory report : Minimum buffer size required : 0 bytes
-> report :  Memory report : increasing it by a factor will increase performance, depending of the volume of data wrote in file at each time step of the file
-> report : lock exclusive : accumulated time : 0.000525161 --- call number : 130 --- average time : 4.0397e-06
-> report : lock shared : accumulated time : 1.16583e-05 --- call number : 2 --- average time : 5.82915e-06
-> report : unlock exclusive : accumulated time : 0.000177891 --- call number : 130 --- average time : 1.36839e-06
-> report : unlock shared : accumulated time : 2.90014e-06 --- call number : 2 --- average time : 1.45007e-06
